[debug] [2021-02-23T11:35:04.176Z] ----------------------------------------------------------------------
[debug] [2021-02-23T11:35:04.179Z] Command:       C:\Program Files\nodejs\node.exe C:\Users\Rajdeep kumar\AppData\Roaming\npm\node_modules\firebase-tools\lib\bin\firebase.js init
[debug] [2021-02-23T11:35:04.179Z] CLI Version:   9.4.0
[debug] [2021-02-23T11:35:04.180Z] Platform:      win32
[debug] [2021-02-23T11:35:04.180Z] Node Version:  v14.15.4
[debug] [2021-02-23T11:35:04.186Z] Time:          Tue Feb 23 2021 17:05:04 GMT+0530 (India Standard Time)
[debug] [2021-02-23T11:35:04.187Z] ----------------------------------------------------------------------
[debug] [2021-02-23T11:35:04.187Z] 
[debug] [2021-02-23T11:35:04.199Z] > command requires scopes: ["email","openid","https://www.googleapis.com/auth/cloudplatformprojects.readonly","https://www.googleapis.com/auth/firebase","https://www.googleapis.com/auth/cloud-platform"]
[debug] [2021-02-23T11:35:04.200Z] > authorizing via signed-in user
[info] 
     ######## #### ########  ######## ########     ###     ######  ########
     ##        ##  ##     ## ##       ##     ##  ##   ##  ##       ##
     ######    ##  ########  ######   ########  #########  ######  ######
     ##        ##  ##    ##  ##       ##     ## ##     ##       ## ##
     ##       #### ##     ## ######## ########  ##     ##  ######  ########

You're about to initialize a Firebase project in this directory:

  C:\Users\Rajdeep kumar\OneDrive\Desktop\facebook\facebook

Before we get started, keep in mind:

  * You are initializing in an existing Firebase project directory

[info] 
=== Project Setup
[info] 
[info] First, let's associate this project directory with a Firebase project.
[info] You can create multiple project aliases by running firebase use --add, 
[info] but for now we'll just set up a default project.
[info] 
[info] i  .firebaserc already has a default project, using facebook-d27c5. 
[debug] [2021-02-23T11:35:19.683Z] > refreshing access token with scopes: []
[debug] [2021-02-23T11:35:19.683Z] >>> HTTP REQUEST POST https://www.googleapis.com/oauth2/v3/token  
 <request body omitted>
[debug] [2021-02-23T11:35:20.276Z] <<< HTTP RESPONSE 200 {"date":"Tue, 23 Feb 2021 11:35:15 GMT","cache-control":"no-cache, no-store, max-age=0, must-revalidate","pragma":"no-cache","expires":"Mon, 01 Jan 1990 00:00:00 GMT","content-type":"application/json; charset=utf-8","vary":"X-Origin, Referer, Origin,Accept-Encoding","server":"scaffolding on HTTPServer2","x-xss-protection":"0","x-frame-options":"SAMEORIGIN","x-content-type-options":"nosniff","alt-svc":"h3-29=\":443\"; ma=2592000,h3-T051=\":443\"; ma=2592000,h3-Q050=\":443\"; ma=2592000,h3-Q046=\":443\"; ma=2592000,h3-Q043=\":443\"; ma=2592000,quic=\":443\"; ma=2592000; v=\"46,43\"","accept-ranges":"none","transfer-encoding":"chunked"}
[debug] [2021-02-23T11:35:20.292Z] >>> [apiv2][query] GET https://firebase.googleapis.com/v1beta1/projects/facebook-d27c5 [none]
[debug] [2021-02-23T11:35:20.984Z] <<< [apiv2][status] GET https://firebase.googleapis.com/v1beta1/projects/facebook-d27c5 200
[debug] [2021-02-23T11:35:20.984Z] <<< [apiv2][body] GET https://firebase.googleapis.com/v1beta1/projects/facebook-d27c5 {"projectId":"facebook-d27c5","projectNumber":"424960547847","displayName":"facebook","name":"projects/facebook-d27c5","resources":{"hostingSite":"facebook-d27c5","storageBucket":"facebook-d27c5.appspot.com","locationId":"us-central"},"state":"ACTIVE"}
[info] 
=== Hosting Setup
[info] 
[info] Your public directory is the folder (relative to your project directory) that
[info] will contain Hosting assets to be uploaded with firebase deploy. If you
[info] have a build process for your assets, use your build's output directory.
[info] 
[debug] [2021-02-23T11:37:35.696Z] >>> [apiv2][query] GET https://www.gstatic.com/firebasejs/releases.json [none]
[debug] [2021-02-23T11:37:36.078Z] <<< [apiv2][status] GET https://www.gstatic.com/firebasejs/releases.json 200
[debug] [2021-02-23T11:37:36.079Z] <<< [apiv2][body] GET https://www.gstatic.com/firebasejs/releases.json {"current":{"version":"8.2.9","browserURL":"https://www.gstatic.com/firebasejs/8.2.9/firebase.js","packageURL":"https://www.gstatic.com/firebasejs/8.2.9/firebase.tgz"},"live":{"version":"8.2","browserURL":"https://www.gstatic.com/firebasejs/live/8.2/firebase.js","packageURL":"https://www.gstatic.com/firebasejs/live/8.2/firebase.tgz"},"components":{"analytics":"https://www.gstatic.com/firebasejs/8.2.9/firebase-analytics.js","app":"https://www.gstatic.com/firebasejs/8.2.9/firebase-app.js","auth":"https://www.gstatic.com/firebasejs/8.2.9/firebase-auth.js","database":"https://www.gstatic.com/firebasejs/8.2.9/firebase-database.js","firestore":"https://www.gstatic.com/firebasejs/8.2.9/firebase-firestore.js","functions":"https://www.gstatic.com/firebasejs/8.2.9/firebase-functions.js","installations":"https://www.gstatic.com/firebasejs/8.2.9/firebase-installations.js","messaging":"https://www.gstatic.com/firebasejs/8.2.9/firebase-messaging.js","storage":"https://www.gstatic.com/firebasejs/8.2.9/firebase-storage.js","performance":"https://www.gstatic.com/firebasejs/8.2.9/firebase-performance.js","remote-config":"https://www.gstatic.com/firebasejs/8.2.9/firebase-remote-config.js","firestore.memory":"https://www.gstatic.com/firebasejs/8.2.9/firebase-firestore.memory.js"}}
[info] +  Wrote build1/index.html 
[info] 
[info] i  Detected a .git folder at C:\Users\Rajdeep kumar 
[info] i  Authorizing with GitHub to upload your service account to a GitHub repository's secrets store. 
[info] 
[info] Visit this URL on this device to log in:
[info] https://github.com/login/oauth/authorize?client_id=89cf50f02ac6aaed3484&state=128607184&redirect_uri=http%3A%2F%2Flocalhost%3A9005&scope=read%3Auser%20repo%20public_repo
[info] 
[info] Waiting for authentication...
[debug] [2021-02-23T11:37:40.431Z] >>> HTTP REQUEST POST https://github.com/login/oauth/access_token  
 {"client_id":"89cf50f02ac6aaed3484","client_secret":"3330d14abc895d9a74d5f17cd7a00711fa2c5bf0","code":"24041c198d32b0ea950a","redirect_uri":"http://localhost:9005","state":"128607184"}
[debug] [2021-02-23T11:37:40.987Z] <<< HTTP RESPONSE 200 {"server":"GitHub.com","date":"Tue, 23 Feb 2021 11:37:35 GMT","content-type":"application/json; charset=utf-8","vary":"X-PJAX, Accept-Encoding, Accept, X-Requested-With","etag":"W/\"3f78d6b436364e22a1d7c12262b12220\"","cache-control":"max-age=0, private, must-revalidate","strict-transport-security":"max-age=31536000; includeSubdomains; preload","x-frame-options":"deny","x-content-type-options":"nosniff","x-xss-protection":"1; mode=block","referrer-policy":"origin-when-cross-origin, strict-origin-when-cross-origin","expect-ct":"max-age=2592000, report-uri=\"https://api.github.com/_private/browser/errors\"","content-security-policy":"default-src 'none'; base-uri 'self'; block-all-mixed-content; connect-src 'self' uploads.github.com www.githubstatus.com collector.githubapp.com api.github.com github-cloud.s3.amazonaws.com github-production-repository-file-5c1aeb.s3.amazonaws.com github-production-upload-manifest-file-7fdce7.s3.amazonaws.com github-production-user-asset-6210df.s3.amazonaws.com cdn.optimizely.com logx.optimizely.com/v1/events wss://alive.github.com; font-src github.githubassets.com; form-action 'self' github.com gist.github.com; frame-ancestors 'none'; frame-src render.githubusercontent.com; img-src 'self' data: github.githubassets.com identicons.github.com collector.githubapp.com github-cloud.s3.amazonaws.com user-images.githubusercontent.com/ *.githubusercontent.com; manifest-src 'self'; media-src 'none'; script-src github.githubassets.com; style-src 'unsafe-inline' github.githubassets.com; worker-src github.com/socket-worker-5029ae85.js gist.github.com/socket-worker-5029ae85.js","x-github-request-id":"8053:6B6C:245710:270D09:6034E8FF","transfer-encoding":"chunked"}
[debug] [2021-02-23T11:37:41.002Z] >>> [apiv2][query] GET https://api.github.com/user [none]
[debug] [2021-02-23T11:37:41.901Z] <<< [apiv2][status] GET https://api.github.com/user 200
[debug] [2021-02-23T11:37:41.901Z] <<< [apiv2][body] GET https://api.github.com/user {"login":"Rajdeepkr1","id":76088245,"node_id":"MDQ6VXNlcjc2MDg4MjQ1","avatar_url":"https://avatars.githubusercontent.com/u/76088245?v=4","gravatar_id":"","url":"https://api.github.com/users/Rajdeepkr1","html_url":"https://github.com/Rajdeepkr1","followers_url":"https://api.github.com/users/Rajdeepkr1/followers","following_url":"https://api.github.com/users/Rajdeepkr1/following{/other_user}","gists_url":"https://api.github.com/users/Rajdeepkr1/gists{/gist_id}","starred_url":"https://api.github.com/users/Rajdeepkr1/starred{/owner}{/repo}","subscriptions_url":"https://api.github.com/users/Rajdeepkr1/subscriptions","organizations_url":"https://api.github.com/users/Rajdeepkr1/orgs","repos_url":"https://api.github.com/users/Rajdeepkr1/repos","events_url":"https://api.github.com/users/Rajdeepkr1/events{/privacy}","received_events_url":"https://api.github.com/users/Rajdeepkr1/received_events","type":"User","site_admin":false,"name":null,"company":null,"blog":"","location":null,"email":null,"hireable":null,"bio":null,"twitter_username":null,"public_repos":1,"public_gists":0,"followers":0,"following":1,"created_at":"2020-12-16T05:23:20Z","updated_at":"2021-02-22T19:07:29Z","private_gists":0,"total_private_repos":1,"owned_private_repos":1,"disk_usage":5,"collaborators":0,"two_factor_authentication":false,"plan":{"name":"free","space":976562499,"collaborators":0,"private_repos":10000}}
[info] 
[info] +  Success! Logged into GitHub as Rajdeepkr1 
[info] 
[debug] [2021-02-23T11:40:56.941Z] >>> [apiv2][query] GET https://api.github.com/repos/Rajdeepkr1/facbook/actions/secrets/public-key type=owner
[debug] [2021-02-23T11:40:57.529Z] <<< [apiv2][status] GET https://api.github.com/repos/Rajdeepkr1/facbook/actions/secrets/public-key 404
[debug] [2021-02-23T11:40:57.529Z] <<< [apiv2][body] GET https://api.github.com/repos/Rajdeepkr1/facbook/actions/secrets/public-key {"message":"Not Found","documentation_url":"https://docs.github.com/rest/reference/actions#get-a-repository-public-key"}
[debug] [2021-02-23T11:41:52.693Z] >>> [apiv2][query] GET https://api.github.com/repos/Rajdeepkr1/build1/actions/secrets/public-key type=owner
[debug] [2021-02-23T11:41:53.282Z] <<< [apiv2][status] GET https://api.github.com/repos/Rajdeepkr1/build1/actions/secrets/public-key 404
[debug] [2021-02-23T11:41:53.282Z] <<< [apiv2][body] GET https://api.github.com/repos/Rajdeepkr1/build1/actions/secrets/public-key {"message":"Not Found","documentation_url":"https://docs.github.com/rest/reference/actions#get-a-repository-public-key"}
[debug] [2021-02-23T12:14:49.457Z] ----------------------------------------------------------------------
[debug] [2021-02-23T12:14:49.461Z] Command:       C:\Program Files\nodejs\node.exe C:\Users\Rajdeep kumar\AppData\Roaming\npm\node_modules\firebase-tools\lib\bin\firebase.js init
[debug] [2021-02-23T12:14:49.461Z] CLI Version:   9.4.0
[debug] [2021-02-23T12:14:49.461Z] Platform:      win32
[debug] [2021-02-23T12:14:49.462Z] Node Version:  v14.15.4
[debug] [2021-02-23T12:14:49.471Z] Time:          Tue Feb 23 2021 17:44:49 GMT+0530 (India Standard Time)
[debug] [2021-02-23T12:14:49.472Z] ----------------------------------------------------------------------
[debug] [2021-02-23T12:14:49.472Z] 
[debug] [2021-02-23T12:14:49.486Z] > command requires scopes: ["email","openid","https://www.googleapis.com/auth/cloudplatformprojects.readonly","https://www.googleapis.com/auth/firebase","https://www.googleapis.com/auth/cloud-platform"]
[debug] [2021-02-23T12:14:49.487Z] > authorizing via signed-in user
[info] 
     ######## #### ########  ######## ########     ###     ######  ########
     ##        ##  ##     ## ##       ##     ##  ##   ##  ##       ##
     ######    ##  ########  ######   ########  #########  ######  ######
     ##        ##  ##    ##  ##       ##     ## ##     ##       ## ##
     ##       #### ##     ## ######## ########  ##     ##  ######  ########

You're about to initialize a Firebase project in this directory:

  C:\Users\Rajdeep kumar\OneDrive\Desktop\facebook\facebook

Before we get started, keep in mind:

  * You are initializing in an existing Firebase project directory

[info] 
=== Project Setup
[info] 
[info] First, let's associate this project directory with a Firebase project.
[info] You can create multiple project aliases by running firebase use --add, 
[info] but for now we'll just set up a default project.
[info] 
[info] i  .firebaserc already has a default project, using facebook-d27c5. 
[debug] [2021-02-23T12:14:59.783Z] >>> [apiv2][query] GET https://firebase.googleapis.com/v1beta1/projects/facebook-d27c5 [none]
[debug] [2021-02-23T12:15:00.597Z] <<< [apiv2][status] GET https://firebase.googleapis.com/v1beta1/projects/facebook-d27c5 200
[debug] [2021-02-23T12:15:00.597Z] <<< [apiv2][body] GET https://firebase.googleapis.com/v1beta1/projects/facebook-d27c5 {"projectId":"facebook-d27c5","projectNumber":"424960547847","displayName":"facebook","name":"projects/facebook-d27c5","resources":{"hostingSite":"facebook-d27c5","storageBucket":"facebook-d27c5.appspot.com","locationId":"us-central"},"state":"ACTIVE"}
[info] 
=== Hosting Setup
[info] 
[info] Your public directory is the folder (relative to your project directory) that
[info] will contain Hosting assets to be uploaded with firebase deploy. If you
[info] have a build process for your assets, use your build's output directory.
[info] 
[debug] [2021-02-23T12:16:07.737Z] >>> [apiv2][query] GET https://www.gstatic.com/firebasejs/releases.json [none]
[debug] [2021-02-23T12:16:08.218Z] <<< [apiv2][status] GET https://www.gstatic.com/firebasejs/releases.json 200
[debug] [2021-02-23T12:16:08.219Z] <<< [apiv2][body] GET https://www.gstatic.com/firebasejs/releases.json {"current":{"version":"8.2.9","browserURL":"https://www.gstatic.com/firebasejs/8.2.9/firebase.js","packageURL":"https://www.gstatic.com/firebasejs/8.2.9/firebase.tgz"},"live":{"version":"8.2","browserURL":"https://www.gstatic.com/firebasejs/live/8.2/firebase.js","packageURL":"https://www.gstatic.com/firebasejs/live/8.2/firebase.tgz"},"components":{"analytics":"https://www.gstatic.com/firebasejs/8.2.9/firebase-analytics.js","app":"https://www.gstatic.com/firebasejs/8.2.9/firebase-app.js","auth":"https://www.gstatic.com/firebasejs/8.2.9/firebase-auth.js","database":"https://www.gstatic.com/firebasejs/8.2.9/firebase-database.js","firestore":"https://www.gstatic.com/firebasejs/8.2.9/firebase-firestore.js","functions":"https://www.gstatic.com/firebasejs/8.2.9/firebase-functions.js","installations":"https://www.gstatic.com/firebasejs/8.2.9/firebase-installations.js","messaging":"https://www.gstatic.com/firebasejs/8.2.9/firebase-messaging.js","storage":"https://www.gstatic.com/firebasejs/8.2.9/firebase-storage.js","performance":"https://www.gstatic.com/firebasejs/8.2.9/firebase-performance.js","remote-config":"https://www.gstatic.com/firebasejs/8.2.9/firebase-remote-config.js","firestore.memory":"https://www.gstatic.com/firebasejs/8.2.9/firebase-firestore.memory.js"}}
[info] +  Wrote facebok/index.html 
[info] 
[info] i  Detected a .git folder at C:\Users\Rajdeep kumar 
[info] i  Authorizing with GitHub to upload your service account to a GitHub repository's secrets store. 
[info] 
[info] Visit this URL on this device to log in:
[info] https://github.com/login/oauth/authorize?client_id=89cf50f02ac6aaed3484&state=994765126&redirect_uri=http%3A%2F%2Flocalhost%3A9005&scope=read%3Auser%20repo%20public_repo
[info] 
[info] Waiting for authentication...
[debug] [2021-02-23T12:16:11.359Z] >>> HTTP REQUEST POST https://github.com/login/oauth/access_token  
 {"client_id":"89cf50f02ac6aaed3484","client_secret":"3330d14abc895d9a74d5f17cd7a00711fa2c5bf0","code":"1713c9783a905d79d3f1","redirect_uri":"http://localhost:9005","state":"994765126"}
[debug] [2021-02-23T12:16:11.937Z] <<< HTTP RESPONSE 200 {"server":"GitHub.com","date":"Tue, 23 Feb 2021 12:16:06 GMT","content-type":"application/json; charset=utf-8","vary":"X-PJAX, Accept-Encoding, Accept, X-Requested-With","etag":"W/\"c4b88fabddaf0249dc507621a7570a95\"","cache-control":"max-age=0, private, must-revalidate","strict-transport-security":"max-age=31536000; includeSubdomains; preload","x-frame-options":"deny","x-content-type-options":"nosniff","x-xss-protection":"1; mode=block","referrer-policy":"origin-when-cross-origin, strict-origin-when-cross-origin","expect-ct":"max-age=2592000, report-uri=\"https://api.github.com/_private/browser/errors\"","content-security-policy":"default-src 'none'; base-uri 'self'; block-all-mixed-content; connect-src 'self' uploads.github.com www.githubstatus.com collector.githubapp.com api.github.com github-cloud.s3.amazonaws.com github-production-repository-file-5c1aeb.s3.amazonaws.com github-production-upload-manifest-file-7fdce7.s3.amazonaws.com github-production-user-asset-6210df.s3.amazonaws.com cdn.optimizely.com logx.optimizely.com/v1/events wss://alive.github.com; font-src github.githubassets.com; form-action 'self' github.com gist.github.com; frame-ancestors 'none'; frame-src render.githubusercontent.com; img-src 'self' data: github.githubassets.com identicons.github.com collector.githubapp.com github-cloud.s3.amazonaws.com user-images.githubusercontent.com/ *.githubusercontent.com; manifest-src 'self'; media-src 'none'; script-src github.githubassets.com; style-src 'unsafe-inline' github.githubassets.com; worker-src github.com/socket-worker-5029ae85.js gist.github.com/socket-worker-5029ae85.js","x-github-request-id":"A95C:3AD2:266D97:294D57:6034F206","transfer-encoding":"chunked"}
[debug] [2021-02-23T12:16:11.951Z] >>> [apiv2][query] GET https://api.github.com/user [none]
[debug] [2021-02-23T12:16:12.621Z] <<< [apiv2][status] GET https://api.github.com/user 200
[debug] [2021-02-23T12:16:12.622Z] <<< [apiv2][body] GET https://api.github.com/user {"login":"Rajdeepkr1","id":76088245,"node_id":"MDQ6VXNlcjc2MDg4MjQ1","avatar_url":"https://avatars.githubusercontent.com/u/76088245?v=4","gravatar_id":"","url":"https://api.github.com/users/Rajdeepkr1","html_url":"https://github.com/Rajdeepkr1","followers_url":"https://api.github.com/users/Rajdeepkr1/followers","following_url":"https://api.github.com/users/Rajdeepkr1/following{/other_user}","gists_url":"https://api.github.com/users/Rajdeepkr1/gists{/gist_id}","starred_url":"https://api.github.com/users/Rajdeepkr1/starred{/owner}{/repo}","subscriptions_url":"https://api.github.com/users/Rajdeepkr1/subscriptions","organizations_url":"https://api.github.com/users/Rajdeepkr1/orgs","repos_url":"https://api.github.com/users/Rajdeepkr1/repos","events_url":"https://api.github.com/users/Rajdeepkr1/events{/privacy}","received_events_url":"https://api.github.com/users/Rajdeepkr1/received_events","type":"User","site_admin":false,"name":null,"company":null,"blog":"","location":null,"email":null,"hireable":null,"bio":null,"twitter_username":null,"public_repos":1,"public_gists":0,"followers":0,"following":1,"created_at":"2020-12-16T05:23:20Z","updated_at":"2021-02-22T19:07:29Z","private_gists":0,"total_private_repos":1,"owned_private_repos":1,"disk_usage":5,"collaborators":0,"two_factor_authentication":false,"plan":{"name":"free","space":976562499,"collaborators":0,"private_repos":10000}}
[info] 
[info] +  Success! Logged into GitHub as Rajdeepkr1 
[info] 
